1761758565149	geckodriver	INFO	Listening on 127.0.0.1:63616
1761758568205	mozrunner::runner	INFO	Running command: "C:\\Program Files\\Mozilla Firefox\\firefox.exe" "--marionette" "--remote-debugging-port" "9222" "--remote-allow-hosts" "localhost" "-no-remote" "-profile" "C:\\Users\\mohit\\AppData\\Local\\Temp\\rust_mozprofileObdPwM"
console.warn: services.settings: Ignoring preference override of remote settings server
console.warn: services.settings: Allow by setting MOZ_REMOTE_SETTINGS_DEVTOOLS=1 in the environment
Dynamically enable window occlusion 0
1761758570277	Marionette	INFO	Marionette enabled
1761758570521	Marionette	INFO	Listening on port 63623
WebDriver BiDi listening on ws://127.0.0.1:9222
Read port: 63623
1761758571094	RemoteAgent	WARN	TLS certificate errors will be ignored for this session
[GFX1-]: Calling WaitFlushedEvent::Run: is delayed: 4018
1761758625491	Marionette	INFO	Stopped listening on port 63623
Dynamically enable window occlusion 1
console.error: (new TypeError("NetworkError when attempting to fetch resource.", ""))
console.error: (new Error("OHTTP was configured for https://ads.mozilla.org/v1/delete_user but we couldn't fetch a valid config", "moz-src:///browser/modules/ContextId.sys.mjs", 234))
console.error: "Failed to fetch https://spocs.getpocket.com/user:" "NetworkError when attempting to fetch resource."
console.warn: TopSitesFeed: Failed to fetch data from MARS server: NetworkError when attempting to fetch resource.
JavaSc1761758628353	Marionette	INFO	Listening on port 63666
WebDriver BiDi listening on ws://127.0.0.1:9222
Read port: 63666
Read port: 63666
1761758631626	RemoteAgent	WARN	TLS certificate errors will be ignored for this session
console.error: [Exception... "Component returned failure code: 0x80040111 (NS_ERROR_NOT_AVAILABLE) [nsIContentSniffer.getMIMETypeFromContent]"  nsresult: "0x80040111 (NS_ERROR_NOT_AVAILABLE)"  location: "JS frame :: resource:///modules/FaviconLoader.sys.mjs :: onStopRequest :: line 300"  data: no]
1761758695274	Marionette	INFO	Stopped listening on port 63666
Dynamically enable window occlusion 1
console.error: (new TypeError("NetworkError when attempting to fetch resource.", "resource://gre/modules/AsyncShutdown.sys.mjs", 569))
console.error: (new Error("OHTTP was configured for https://ads.mozilla.org/v1/delete_user but we couldn't fetch a valid config", "moz-src:///browser/modules/ContextId.sys.mjs", 234))
JavaScript error: resource://gre/modules/ObliviousHTTP.sys.mjs, line 117: NS_ERROR_XPC_CANT_CONVERT_PRIMITIVE_TO_ARRAY: Cannot convert primitive JavaScript value into an array arg 2 [nsIObliviousHttpService.newChannel]
console.error: "Failed to fetch https://spocs.getpocket.com/user:" "NetworkError when attempting to fetch resource."
console.warn: TopSitesFeed: Failed to fetch data from MARS server: NetworkError when attempting to fetch resource.
JavaScript error: resource://services-settings/RemoteSettingsClient.sys.mjs, line 85: Error: Unknown callback
